# JRE version: Java(TM) SE Runtime Environment (8.0_171-b11) (build 1.8.0_171-b11)
# Java VM: Java HotSpot(TM) 64-Bit Server VM (25.171-b11 mixed mode windows-amd64 compressed oops)
Heap:
 PSYoungGen      total 27648K, used 3604K [0x00000000eaf80000, 0x00000000ed780000, 0x0000000100000000)
  eden space 16384K, 20% used [0x00000000eaf80000,0x00000000eb2cd078,0x00000000ebf80000)
  from space 11264K, 1% used [0x00000000ecc80000,0x00000000eccb8000,0x00000000ed780000)
  to   space 12288K, 0% used [0x00000000ebf80000,0x00000000ebf80000,0x00000000ecb80000)
 ParOldGen       total 44032K, used 25759K [0x00000000c0e00000, 0x00000000c3900000, 0x00000000eaf80000)
  object space 44032K, 58% used [0x00000000c0e00000,0x00000000c2727d38,0x00000000c3900000)
 Metaspace       used 18234K, capacity 18483K, committed 18816K, reserved 1067008K
  class space    used 2108K, capacity 2175K, committed 2176K, reserved 1048576K
GC Heap History (10 events):
Event: 35.465 GC heap before
{Heap before GC invocations=12 (full 0):
 PSYoungGen      total 18944K, used 16608K [0x00000000eaf80000, 0x00000000ec480000, 0x0000000100000000)
  eden space 16384K, 100% used [0x00000000eaf80000,0x00000000ebf80000,0x00000000ebf80000)
  from space 2560K, 8% used [0x00000000ebf80000,0x00000000ebfb8000,0x00000000ec200000)
  to   space 2560K, 0% used [0x00000000ec200000,0x00000000ec200000,0x00000000ec480000)
 ParOldGen       total 44032K, used 25383K [0x00000000c0e00000, 0x00000000c3900000, 0x00000000eaf80000)
  object space 44032K, 57% used [0x00000000c0e00000,0x00000000c26c9d38,0x00000000c3900000)
 Metaspace       used 18229K, capacity 18483K, committed 18816K, reserved 1067008K
  class space    used 2107K, capacity 2175K, committed 2176K, reserved 1048576K
Event: 35.466 GC heap after
Heap after GC invocations=12 (full 0):
 PSYoungGen      total 18944K, used 256K [0x00000000eaf80000, 0x00000000ec480000, 0x0000000100000000)
  eden space 16384K, 0% used [0x00000000eaf80000,0x00000000eaf80000,0x00000000ebf80000)
  from space 2560K, 10% used [0x00000000ec200000,0x00000000ec240000,0x00000000ec480000)
  to   space 2560K, 0% used [0x00000000ebf80000,0x00000000ebf80000,0x00000000ec200000)
 ParOldGen       total 44032K, used 25471K [0x00000000c0e00000, 0x00000000c3900000, 0x00000000eaf80000)
  object space 44032K, 57% used [0x00000000c0e00000,0x00000000c26dfd38,0x00000000c3900000)
 Metaspace       used 18229K, capacity 18483K, committed 18816K, reserved 1067008K
  class space    used 2107K, capacity 2175K, committed 2176K, reserved 1048576K
}
Event: 38.804 GC heap before
{Heap before GC invocations=13 (full 0):
 PSYoungGen      total 18944K, used 16640K [0x00000000eaf80000, 0x00000000ec480000, 0x0000000100000000)
  eden space 16384K, 100% used [0x00000000eaf80000,0x00000000ebf80000,0x00000000ebf80000)
  from space 2560K, 10% used [0x00000000ec200000,0x00000000ec240000,0x00000000ec480000)
  to   space 2560K, 0% used [0x00000000ebf80000,0x00000000ebf80000,0x00000000ec200000)
 ParOldGen       total 44032K, used 25471K [0x00000000c0e00000, 0x00000000c3900000, 0x00000000eaf80000)
  object space 44032K, 57% used [0x00000000c0e00000,0x00000000c26dfd38,0x00000000c3900000)
 Metaspace       used 18229K, capacity 18483K, committed 18816K, reserved 1067008K
  class space    used 2107K, capacity 2175K, committed 2176K, reserved 1048576K
Event: 38.805 GC heap after
Heap after GC invocations=13 (full 0):
 PSYoungGen      total 18944K, used 256K [0x00000000eaf80000, 0x00000000edb80000, 0x0000000100000000)
  eden space 16384K, 0% used [0x00000000eaf80000,0x00000000eaf80000,0x00000000ebf80000)
  from space 2560K, 10% used [0x00000000ebf80000,0x00000000ebfc0000,0x00000000ec200000)
  to   space 14336K, 0% used [0x00000000ecd80000,0x00000000ecd80000,0x00000000edb80000)
 ParOldGen       total 44032K, used 25551K [0x00000000c0e00000, 0x00000000c3900000, 0x00000000eaf80000)
  object space 44032K, 58% used [0x00000000c0e00000,0x00000000c26f3d38,0x00000000c3900000)
 Metaspace       used 18229K, capacity 18483K, committed 18816K, reserved 1067008K
  class space    used 2107K, capacity 2175K, committed 2176K, reserved 1048576K
}
Event: 42.068 GC heap before
{Heap before GC invocations=14 (full 0):
 PSYoungGen      total 18944K, used 16640K [0x00000000eaf80000, 0x00000000edb80000, 0x0000000100000000)
  eden space 16384K, 100% used [0x00000000eaf80000,0x00000000ebf80000,0x00000000ebf80000)
  from space 2560K, 10% used [0x00000000ebf80000,0x00000000ebfc0000,0x00000000ec200000)
  to   space 14336K, 0% used [0x00000000ecd80000,0x00000000ecd80000,0x00000000edb80000)
 ParOldGen       total 44032K, used 25551K [0x00000000c0e00000, 0x00000000c3900000, 0x00000000eaf80000)
  object space 44032K, 58% used [0x00000000c0e00000,0x00000000c26f3d38,0x00000000c3900000)
 Metaspace       used 18232K, capacity 18483K, committed 18816K, reserved 1067008K
  class space    used 2107K, capacity 2175K, committed 2176K, reserved 1048576K
Event: 42.069 GC heap after
Heap after GC invocations=14 (full 0):
 PSYoungGen      total 29696K, used 160K [0x00000000eaf80000, 0x00000000eda80000, 0x0000000100000000)
  eden space 16384K, 0% used [0x00000000eaf80000,0x00000000eaf80000,0x00000000ebf80000)
  from space 13312K, 1% used [0x00000000ecd80000,0x00000000ecda8000,0x00000000eda80000)
  to   space 13824K, 0% used [0x00000000ebf80000,0x00000000ebf80000,0x00000000ecd00000)
 ParOldGen       total 44032K, used 25607K [0x00000000c0e00000, 0x00000000c3900000, 0x00000000eaf80000)
  object space 44032K, 58% used [0x00000000c0e00000,0x00000000c2701d38,0x00000000c3900000)
 Metaspace       used 18232K, capacity 18483K, committed 18816K, reserved 1067008K
  class space    used 2107K, capacity 2175K, committed 2176K, reserved 1048576K
}
Event: 45.355 GC heap before
{Heap before GC invocations=15 (full 0):
 PSYoungGen      total 29696K, used 16544K [0x00000000eaf80000, 0x00000000eda80000, 0x0000000100000000)
  eden space 16384K, 100% used [0x00000000eaf80000,0x00000000ebf80000,0x00000000ebf80000)
  from space 13312K, 1% used [0x00000000ecd80000,0x00000000ecda8000,0x00000000eda80000)
  to   space 13824K, 0% used [0x00000000ebf80000,0x00000000ebf80000,0x00000000ecd00000)
 ParOldGen       total 44032K, used 25607K [0x00000000c0e00000, 0x00000000c3900000, 0x00000000eaf80000)
  object space 44032K, 58% used [0x00000000c0e00000,0x00000000c2701d38,0x00000000c3900000)
 Metaspace       used 18232K, capacity 18483K, committed 18816K, reserved 1067008K
  class space    used 2107K, capacity 2175K, committed 2176K, reserved 1048576K
Event: 45.356 GC heap after
Heap after GC invocations=15 (full 0):
 PSYoungGen      total 16896K, used 256K [0x00000000eaf80000, 0x00000000ed980000, 0x0000000100000000)
  eden space 16384K, 0% used [0x00000000eaf80000,0x00000000eaf80000,0x00000000ebf80000)
  from space 512K, 50% used [0x00000000ebf80000,0x00000000ebfc0000,0x00000000ec000000)
  to   space 13312K, 0% used [0x00000000ecc80000,0x00000000ecc80000,0x00000000ed980000)
 ParOldGen       total 44032K, used 25687K [0x00000000c0e00000, 0x00000000c3900000, 0x00000000eaf80000)
  object space 44032K, 58% used [0x00000000c0e00000,0x00000000c2715d38,0x00000000c3900000)
 Metaspace       used 18232K, capacity 18483K, committed 18816K, reserved 1067008K
  class space    used 2107K, capacity 2175K, committed 2176K, reserved 1048576K
}
Event: 48.547 GC heap before
{Heap before GC invocations=16 (full 0):
 PSYoungGen      total 16896K, used 16640K [0x00000000eaf80000, 0x00000000ed980000, 0x0000000100000000)
  eden space 16384K, 100% used [0x00000000eaf80000,0x00000000ebf80000,0x00000000ebf80000)
  from space 512K, 50% used [0x00000000ebf80000,0x00000000ebfc0000,0x00000000ec000000)
  to   space 13312K, 0% used [0x00000000ecc80000,0x00000000ecc80000,0x00000000ed980000)
 ParOldGen       total 44032K, used 25687K [0x00000000c0e00000, 0x00000000c3900000, 0x00000000eaf80000)
  object space 44032K, 58% used [0x00000000c0e00000,0x00000000c2715d38,0x00000000c3900000)
 Metaspace       used 18234K, capacity 18483K, committed 18816K, reserved 1067008K
  class space    used 2108K, capacity 2175K, committed 2176K, reserved 1048576K
Event: 48.548 GC heap after
Heap after GC invocations=16 (full 0):
 PSYoungGen      total 27648K, used 224K [0x00000000eaf80000, 0x00000000ed780000, 0x0000000100000000)
  eden space 16384K, 0% used [0x00000000eaf80000,0x00000000eaf80000,0x00000000ebf80000)
  from space 11264K, 1% used [0x00000000ecc80000,0x00000000eccb8000,0x00000000ed780000)
  to   space 12288K, 0% used [0x00000000ebf80000,0x00000000ebf80000,0x00000000ecb80000)
 ParOldGen       total 44032K, used 25759K [0x00000000c0e00000, 0x00000000c3900000, 0x00000000eaf80000)
  object space 44032K, 58% used [0x00000000c0e00000,0x00000000c2727d38,0x00000000c3900000)
 Metaspace       used 18234K, capacity 18483K, committed 18816K, reserved 1067008K
  class space    used 2108K, capacity 2175K, committed 2176K, reserved 1048576K
}

